2020-07-24 15:30:49 [INFO ] TestConnect:42 - lIBREPLAN IS OPEN !
2020-07-24 15:30:49 [INFO ] TestConnect:34 - QUIT DRIVER
2020-07-24 16:16:22 [INFO ] TestConnect:42 - LIBREPLAN IS OPEN !
2020-07-24 16:16:33 [INFO ] TestConnect:34 - QUIT DRIVER
2020-07-24 16:17:40 [INFO ] TestConnect:42 - LIBREPLAN IS OPEN !
2020-07-24 16:17:51 [INFO ] TestConnect:34 - QUIT DRIVER
2020-07-24 16:24:07 [INFO ] TestConnect:42 - LIBREPLAN IS OPEN !
2020-07-24 16:24:08 [INFO ] TestConnect:46 - USER CONNECT
2020-07-24 16:24:08 [INFO ] TestConnect:34 - QUIT DRIVER
2020-07-27 11:23:04 [INFO ] TestConnect:34 - QUIT DRIVER
2020-07-27 11:27:41 [INFO ] TestConnect:42 - LIBREPLAN IS OPEN !
2020-07-27 11:27:43 [INFO ] TestConnect:46 - USER CONNECT
2020-07-27 11:27:44 [INFO ] TestConnect:34 - QUIT DRIVER
2020-07-27 14:45:10 [INFO ] TestConnect:33 - QUIT DRIVER
2020-07-27 14:50:17 [INFO ] TestConnect:40 - LIBREPLAN IS OPEN !
2020-07-27 14:50:18 [INFO ] TestConnect:44 - USER CONNECT
2020-07-27 14:50:23 [INFO ] TestConnect:33 - QUIT DRIVER
2020-07-27 14:57:57 [INFO ] TestConnect:40 - LIBREPLAN IS OPEN !
2020-07-27 14:57:58 [INFO ] TestConnect:44 - USER CONNECT
2020-07-27 14:58:08 [INFO ] TestConnect:33 - QUIT DRIVER
2020-07-27 15:12:06 [INFO ] TestConnect:40 - LIBREPLAN IS OPEN !
2020-07-27 15:12:07 [INFO ] TestConnect:44 - USER CONNECT
2020-07-27 15:12:08 [INFO ] TestConnect:33 - QUIT DRIVER
2020-07-27 15:12:20 [INFO ] TestConnect:40 - LIBREPLAN IS OPEN !
2020-07-27 15:12:21 [INFO ] TestConnect:44 - USER CONNECT
2020-07-27 15:12:22 [INFO ] TestConnect:33 - QUIT DRIVER
2020-07-27 15:16:15 [INFO ] TestConnect:40 - LIBREPLAN IS OPEN !
2020-07-27 15:16:16 [INFO ] TestConnect:44 - USER CONNECT
2020-07-27 15:16:16 [INFO ] TestConnect:33 - QUIT DRIVER
2020-07-27 15:23:10 [INFO ] TestConnect:40 - LIBREPLAN IS OPEN !
2020-07-27 15:23:11 [INFO ] TestConnect:44 - USER CONNECT
2020-07-27 15:23:12 [INFO ] TestConnect:33 - QUIT DRIVER
2020-07-27 15:23:31 [INFO ] TestConnect:40 - LIBREPLAN IS OPEN !
2020-07-27 15:23:32 [INFO ] TestConnect:44 - USER CONNECT
2020-07-27 15:23:33 [INFO ] TestConnect:33 - QUIT DRIVER
2020-07-27 15:24:16 [INFO ] TestConnect:40 - LIBREPLAN IS OPEN !
2020-07-27 15:24:17 [INFO ] TestConnect:44 - USER CONNECT
2020-07-27 15:24:18 [INFO ] TestConnect:33 - QUIT DRIVER
2020-07-27 15:26:32 [INFO ] TestConnect:40 - LIBREPLAN IS OPEN !
2020-07-27 15:26:34 [INFO ] TestConnect:44 - USER CONNECT
2020-07-27 15:26:34 [INFO ] TestConnect:33 - QUIT DRIVER
2020-07-27 15:28:31 [INFO ] TestConnect:40 - LIBREPLAN IS OPEN !
2020-07-27 15:28:32 [INFO ] TestConnect:44 - USER CONNECT
2020-07-27 15:28:33 [INFO ] TestConnect:33 - QUIT DRIVER
2020-07-27 15:34:14 [INFO ] TestConnect:47 - LIBREPLAN IS OPEN !
2020-07-27 15:34:15 [INFO ] TestConnect:51 - USER CONNECT
2020-07-27 15:34:16 [INFO ] TestConnect:40 - QUIT DRIVER
2020-07-27 15:34:27 [INFO ] TestConnect:47 - LIBREPLAN IS OPEN !
2020-07-27 15:34:28 [INFO ] TestConnect:51 - USER CONNECT
2020-07-27 15:34:29 [INFO ] TestConnect:40 - QUIT DRIVER
2020-07-27 15:39:51 [INFO ] TestConnect:48 - LIBREPLAN IS OPEN !
2020-07-27 15:39:52 [INFO ] TestConnect:52 - USER CONNECT
2020-07-27 15:45:38 [INFO ] TestConnect:46 - LIBREPLAN IS OPEN !
2020-07-27 15:45:39 [INFO ] TestConnect:50 - USER CONNECT
2020-07-27 15:46:11 [INFO ] TestConnect:46 - LIBREPLAN IS OPEN !
2020-07-27 15:46:12 [INFO ] TestConnect:50 - USER CONNECT
2020-07-27 15:46:38 [INFO ] TestConnect:46 - LIBREPLAN IS OPEN !
2020-07-27 15:46:39 [INFO ] TestConnect:50 - USER CONNECT
2020-07-27 15:47:23 [INFO ] TestConnect:46 - LIBREPLAN IS OPEN !
2020-07-27 15:47:24 [INFO ] TestConnect:50 - USER CONNECT
2020-07-27 15:47:49 [INFO ] TestConnect:46 - LIBREPLAN IS OPEN !
2020-07-27 15:47:50 [INFO ] TestConnect:50 - USER CONNECT
2020-07-27 15:48:11 [INFO ] TestConnect:46 - LIBREPLAN IS OPEN !
2020-07-27 15:48:12 [INFO ] TestConnect:50 - USER CONNECT
2020-07-27 15:51:43 [INFO ] TestConnect:45 - LIBREPLAN IS OPEN !
2020-07-27 15:51:44 [INFO ] TestConnect:49 - USER CONNECT
2020-07-27 15:52:31 [INFO ] TestConnect:45 - LIBREPLAN IS OPEN !
2020-07-27 15:52:32 [INFO ] TestConnect:49 - USER CONNECT
2020-07-27 15:55:29 [INFO ] TestConnect:45 - LIBREPLAN IS OPEN !
2020-07-27 15:55:30 [INFO ] TestConnect:49 - USER CONNECT
2020-07-27 15:55:32 [INFO ] TestConnect:38 - QUIT DRIVER
2020-07-27 15:56:18 [INFO ] TestConnect:45 - LIBREPLAN IS OPEN !
2020-07-27 15:56:18 [INFO ] TestConnect:49 - USER CONNECT
2020-07-27 15:57:40 [INFO ] TestConnect:45 - LIBREPLAN IS OPEN !
2020-07-27 15:57:41 [INFO ] TestConnect:49 - USER CONNECT
2020-07-27 15:58:03 [INFO ] TestConnect:45 - LIBREPLAN IS OPEN !
2020-07-27 15:58:04 [INFO ] TestConnect:49 - USER CONNECT
2020-07-27 16:32:14 [INFO ] TestConnect:46 - LIBREPLAN IS OPEN !
2020-07-27 16:32:15 [INFO ] TestConnect:50 - USER CONNECT
2020-07-27 16:33:38 [INFO ] TestConnect:46 - LIBREPLAN IS OPEN !
2020-07-27 16:33:39 [INFO ] TestConnect:50 - USER CONNECT
2020-07-27 16:34:50 [INFO ] TestConnect:46 - LIBREPLAN IS OPEN !
2020-07-27 16:34:51 [INFO ] TestConnect:50 - USER CONNECT
2020-07-27 16:36:03 [INFO ] TestConnect:46 - LIBREPLAN IS OPEN !
2020-07-27 16:36:04 [INFO ] TestConnect:50 - USER CONNECT
2020-07-27 16:37:36 [INFO ] TestConnect:46 - LIBREPLAN IS OPEN !
2020-07-27 16:37:37 [INFO ] TestConnect:50 - USER CONNECT
2020-07-27 16:40:54 [INFO ] TestConnect:46 - LIBREPLAN IS OPEN !
2020-07-27 16:40:55 [INFO ] TestConnect:50 - USER CONNECT
2020-07-27 16:41:42 [INFO ] TestConnect:46 - LIBREPLAN IS OPEN !
2020-07-27 16:41:43 [INFO ] TestConnect:50 - USER CONNECT
2020-07-27 16:42:03 [INFO ] TestConnect:46 - LIBREPLAN IS OPEN !
2020-07-27 16:42:04 [INFO ] TestConnect:50 - USER CONNECT
2020-07-27 16:45:34 [INFO ] TestConnect:46 - LIBREPLAN IS OPEN !
2020-07-27 16:45:35 [INFO ] TestConnect:50 - USER CONNECT
2020-07-27 16:45:58 [INFO ] TestConnect:46 - LIBREPLAN IS OPEN !
2020-07-27 16:45:59 [INFO ] TestConnect:50 - USER CONNECT
2020-07-27 16:46:59 [INFO ] TestConnect:46 - LIBREPLAN IS OPEN !
2020-07-27 16:47:00 [INFO ] TestConnect:50 - USER CONNECT
2020-07-27 16:48:30 [INFO ] TestConnect:46 - LIBREPLAN IS OPEN !
2020-07-27 16:48:31 [INFO ] TestConnect:50 - USER CONNECT
2020-07-27 17:01:48 [INFO ] TestConnect:46 - LIBREPLAN IS OPEN !
2020-07-27 17:01:49 [INFO ] TestConnect:50 - USER CONNECT
2020-07-27 17:02:55 [INFO ] TestConnect:46 - LIBREPLAN IS OPEN !
2020-07-27 17:02:56 [INFO ] TestConnect:50 - USER CONNECT
2020-07-27 17:04:50 [INFO ] TestConnect:46 - LIBREPLAN IS OPEN !
2020-07-27 17:04:51 [INFO ] TestConnect:50 - USER CONNECT
2020-07-27 17:06:33 [INFO ] TestConnect:46 - LIBREPLAN IS OPEN !
2020-07-27 17:06:34 [INFO ] TestConnect:50 - USER CONNECT
2020-07-27 17:10:57 [INFO ] TestConnect:46 - LIBREPLAN IS OPEN !
2020-07-27 17:10:58 [INFO ] TestConnect:50 - USER CONNECT
2020-07-27 17:10:59 [INFO ] TestConnect:57 - WebElement is good
2020-07-27 17:14:33 [INFO ] TestConnect:46 - LIBREPLAN IS OPEN !
2020-07-27 17:14:34 [INFO ] TestConnect:50 - USER CONNECT
2020-07-27 17:14:35 [INFO ] TestConnect:57 - WebElement is good
2020-07-27 17:21:45 [INFO ] TestConnect:47 - LIBREPLAN IS OPEN !
2020-07-27 17:21:45 [INFO ] TestConnect:51 - USER CONNECT
2020-07-27 17:29:04 [INFO ] TestConnect:47 - LIBREPLAN IS OPEN !
2020-07-27 17:29:05 [INFO ] TestConnect:51 - USER CONNECT
2020-07-27 17:33:26 [INFO ] TestConnect:47 - LIBREPLAN IS OPEN !
2020-07-27 17:33:27 [INFO ] TestConnect:51 - USER CONNECT
2020-07-27 17:33:53 [INFO ] TestConnect:47 - LIBREPLAN IS OPEN !
2020-07-27 17:33:54 [INFO ] TestConnect:51 - USER CONNECT
2020-07-27 17:41:01 [INFO ] TestConnect:47 - LIBREPLAN IS OPEN !
2020-07-27 17:41:02 [INFO ] TestConnect:51 - USER CONNECT
2020-07-27 18:02:00 [INFO ] TestConnect:48 - LIBREPLAN IS OPEN !
2020-07-27 18:05:22 [INFO ] TestConnect:48 - LIBREPLAN IS OPEN !
2020-07-27 18:05:23 [INFO ] TestConnect:52 - CONNECTED : DISPLAY TO THE CALENDAR TAB
2020-07-27 18:05:25 [INFO ] TestConnect:40 - QUIT DRIVER
2020-07-27 18:13:46 [INFO ] TestConnect:48 - LIBREPLAN IS OPEN !
2020-07-27 18:13:47 [INFO ] TestConnect:52 - CONNECTED : DISPLAY TO THE CALENDAR TAB
2020-07-27 18:13:49 [INFO ] TestConnect:40 - QUIT DRIVER
2020-07-27 18:14:06 [INFO ] TestConnect:48 - LIBREPLAN IS OPEN !
2020-07-27 18:14:07 [INFO ] TestConnect:52 - CONNECTED : DISPLAY TO THE CALENDAR TAB
2020-07-27 18:14:08 [INFO ] TestConnect:40 - QUIT DRIVER
2020-07-27 18:17:59 [INFO ] TestConnect:48 - LIBREPLAN IS OPEN !
2020-07-27 18:18:01 [INFO ] TestConnect:52 - CONNECTED : DISPLAY TO THE CALENDAR TAB
2020-07-27 18:18:01 [INFO ] TestConnect:57 - THE LIST PROGRESS TYPES PAGE IS DISPLAYED
2020-07-27 18:18:14 [INFO ] TestConnect:40 - QUIT DRIVER
2020-07-27 18:26:40 [INFO ] TestConnect:48 - LIBREPLAN IS OPEN !
2020-07-27 18:26:41 [INFO ] TestConnect:52 - CONNECTED : DISPLAY TO THE CALENDAR TAB
2020-07-27 18:26:41 [INFO ] TestConnect:57 - THE LIST PROGRESS TYPES PAGE IS DISPLAYED
2020-07-27 18:26:42 [INFO ] TestConnect:62 - THE CREATE PROGRESS TYPE PAGE IS DISPLAYED
2020-07-27 18:26:46 [INFO ] TestConnect:40 - QUIT DRIVER
2020-07-28 10:15:05 [INFO ] TestConnect:53 - LIBREPLAN IS OPEN !
2020-07-28 10:15:06 [INFO ] TestConnect:57 - CONNECTED : DISPLAY TO THE [CALENDAR TAB]
2020-07-28 10:15:07 [INFO ] TestConnect:43 - QUIT DRIVER
2020-07-28 10:15:35 [INFO ] TestConnect:53 - LIBREPLAN IS OPEN !
2020-07-28 10:15:36 [INFO ] TestConnect:57 - CONNECTED : DISPLAY TO THE [CALENDAR TAB]
2020-07-28 10:15:37 [INFO ] TestConnect:43 - QUIT DRIVER
2020-07-28 10:17:01 [INFO ] TestConnect:56 - LIBREPLAN IS OPEN !
2020-07-28 10:17:02 [INFO ] TestConnect:60 - CONNECTED : DISPLAY TO THE [CALENDAR TAB]
2020-07-28 10:17:03 [INFO ] TestConnect:46 - QUIT DRIVER
2020-07-28 10:17:34 [INFO ] TestConnect:53 - LIBREPLAN IS OPEN !
2020-07-28 10:17:35 [INFO ] TestConnect:57 - CONNECTED : DISPLAY TO THE [CALENDAR TAB]
2020-07-28 10:17:36 [INFO ] TestConnect:43 - QUIT DRIVER
2020-07-28 10:52:04 [INFO ] TestConnect:54 - LIBREPLAN IS OPEN !
2020-07-28 10:52:05 [INFO ] TestConnect:58 - CONNECTED : DISPLAY TO THE [CALENDAR TAB]
2020-07-28 10:52:06 [INFO ] TestConnect:63 - THE [LIST PARTICIPANTS] PAGE IS DISPLAYED
2020-07-28 10:53:12 [INFO ] TestConnect:53 - LIBREPLAN IS OPEN !
2020-07-28 10:53:13 [INFO ] TestConnect:57 - CONNECTED : DISPLAY TO THE [CALENDAR TAB]
2020-07-28 10:53:14 [INFO ] TestConnect:43 - QUIT DRIVER
2020-07-28 11:06:13 [INFO ] TestConnect:53 - LIBREPLAN IS OPEN !
2020-07-28 11:06:14 [INFO ] TestConnect:57 - CONNECTED : DISPLAY TO THE [CALENDAR TAB]
2020-07-28 11:06:15 [INFO ] TestConnect:43 - QUIT DRIVER
2020-07-28 11:06:27 [INFO ] TestConnect:53 - LIBREPLAN IS OPEN !
2020-07-28 11:06:28 [INFO ] TestConnect:57 - CONNECTED : DISPLAY TO THE [CALENDAR TAB]
2020-07-28 11:06:29 [INFO ] TestConnect:43 - QUIT DRIVER
2020-07-28 11:07:19 [INFO ] TestConnect:53 - LIBREPLAN IS OPEN !
2020-07-28 11:07:20 [INFO ] TestConnect:57 - CONNECTED : DISPLAY TO THE [CALENDAR TAB]
2020-07-28 11:07:21 [INFO ] TestConnect:62 - THE [LIST MACHINES] PAGE IS DISPLAYED
2020-07-28 11:07:22 [INFO ] TestConnect:43 - QUIT DRIVER
2020-07-28 11:09:23 [INFO ] TestConnect:56 - LIBREPLAN IS OPEN !
2020-07-28 11:09:24 [INFO ] TestConnect:60 - CONNECTED : DISPLAY TO THE [CALENDAR TAB]
2020-07-28 11:09:25 [INFO ] TestConnect:65 - THE [LIST PARTICIPANTS] PAGE IS DISPLAYED
2020-07-28 11:09:26 [INFO ] TestConnect:46 - QUIT DRIVER
2020-07-28 11:40:22 [INFO ] TestConnect:57 - LIBREPLAN IS OPEN !
2020-07-28 11:40:23 [INFO ] TestConnect:61 - CONNECTED : DISPLAY TO THE [CALENDAR TAB]
2020-07-28 11:40:25 [INFO ] TestConnect:66 - THE [LIST PARTICIPANTS] PAGE IS DISPLAYED
2020-07-28 11:40:35 [INFO ] TestConnect:47 - QUIT DRIVER
2020-07-28 11:40:56 [INFO ] TestConnect:57 - LIBREPLAN IS OPEN !
2020-07-28 11:40:58 [INFO ] TestConnect:61 - CONNECTED : DISPLAY TO THE [CALENDAR TAB]
2020-07-28 11:40:59 [INFO ] TestConnect:66 - THE [LIST PARTICIPANTS] PAGE IS DISPLAYED
2020-07-28 11:41:10 [INFO ] TestConnect:47 - QUIT DRIVER
2020-07-28 11:42:48 [INFO ] TestConnect:54 - LIBREPLAN IS OPEN !
2020-07-28 11:42:49 [INFO ] TestConnect:58 - CONNECTED : DISPLAY TO THE [CALENDAR TAB]
2020-07-28 11:42:51 [INFO ] TestConnect:63 - THE [LIST PARTICIPANTS] PAGE IS DISPLAYED
2020-07-28 11:45:33 [INFO ] TestConnect:54 - LIBREPLAN IS OPEN !
2020-07-28 11:45:34 [INFO ] TestConnect:58 - CONNECTED : DISPLAY TO THE [CALENDAR TAB]
2020-07-28 11:45:35 [INFO ] TestConnect:63 - THE [LIST PARTICIPANTS] PAGE IS DISPLAYED
2020-07-28 11:49:17 [INFO ] TestConnect:54 - LIBREPLAN IS OPEN !
2020-07-28 11:49:18 [INFO ] TestConnect:58 - CONNECTED : DISPLAY TO THE [CALENDAR TAB]
2020-07-28 11:49:19 [INFO ] TestConnect:63 - THE [LIST PARTICIPANTS] PAGE IS DISPLAYED
2020-07-28 11:55:24 [INFO ] TestConnect:54 - LIBREPLAN IS OPEN !
2020-07-28 11:55:25 [INFO ] TestConnect:58 - CONNECTED : DISPLAY TO THE [CALENDAR TAB]
2020-07-28 11:55:26 [INFO ] TestConnect:63 - THE [LIST PARTICIPANTS] PAGE IS DISPLAYED
2020-07-28 11:58:00 [INFO ] TestConnect:55 - LIBREPLAN IS OPEN !
2020-07-28 11:58:01 [INFO ] TestConnect:59 - CONNECTED : DISPLAY TO THE [CALENDAR TAB]
2020-07-28 11:58:02 [INFO ] TestConnect:64 - THE [LIST PARTICIPANTS] PAGE IS DISPLAYED
2020-07-28 12:04:54 [INFO ] TestConnect:55 - LIBREPLAN IS OPEN !
2020-07-28 12:04:55 [INFO ] TestConnect:59 - CONNECTED : DISPLAY TO THE [CALENDAR TAB]
2020-07-28 12:04:57 [INFO ] TestConnect:64 - THE [LIST PARTICIPANTS] PAGE IS DISPLAYED
2020-07-28 12:06:25 [INFO ] TestConnect:55 - LIBREPLAN IS OPEN !
2020-07-28 12:06:26 [INFO ] TestConnect:59 - CONNECTED : DISPLAY TO THE [CALENDAR TAB]
2020-07-28 12:06:27 [INFO ] TestConnect:64 - THE [LIST PARTICIPANTS] PAGE IS DISPLAYED
2020-07-28 12:06:29 [INFO ] TestConnect:70 - THE [CREATE PARTICIPANT] PAGE IS DISPLAYED
2020-07-28 12:07:55 [INFO ] TestConnect:57 - LIBREPLAN IS OPEN !
2020-07-28 12:07:56 [INFO ] TestConnect:61 - CONNECTED : DISPLAY TO THE [CALENDAR TAB]
2020-07-28 12:07:57 [INFO ] TestConnect:66 - THE [LIST PARTICIPANTS] PAGE IS DISPLAYED
2020-07-28 12:07:57 [INFO ] TestConnect:71 - THE [CREATE PARTICIPANT] PAGE IS DISPLAYED
2020-07-28 12:07:58 [INFO ] TestConnect:47 - QUIT DRIVER
2020-07-28 12:26:44 [INFO ] TestConnect:53 - LIBREPLAN IS OPEN !
2020-07-28 12:26:45 [INFO ] TestConnect:57 - CONNECTED : DISPLAY TO THE [CALENDAR TAB]
2020-07-28 12:26:46 [INFO ] TestConnect:62 - THE [LIST MACHINES] PAGE IS DISPLAYED
2020-07-28 12:26:46 [INFO ] TestConnect:67 - THE [CREATE MACHINE] PAGE IS DISPLAYED
2020-07-28 12:26:47 [INFO ] TestConnect:43 - QUIT DRIVER
2020-07-28 12:27:22 [INFO ] TestConnect:54 - LIBREPLAN IS OPEN !
2020-07-28 12:27:23 [INFO ] TestConnect:58 - CONNECTED : DISPLAY TO THE [CALENDAR TAB]
2020-07-28 12:27:24 [INFO ] TestConnect:63 - THE [LIST MACHINES] PAGE IS DISPLAYED
2020-07-28 12:27:26 [INFO ] TestConnect:69 - THE [CREATE MACHINE] PAGE IS DISPLAYED
2020-07-28 12:27:27 [INFO ] TestConnect:43 - QUIT DRIVER
2020-07-28 12:27:40 [INFO ] TestConnect:54 - LIBREPLAN IS OPEN !
2020-07-28 12:27:41 [INFO ] TestConnect:58 - CONNECTED : DISPLAY TO THE [CALENDAR TAB]
2020-07-28 12:27:42 [INFO ] TestConnect:63 - THE [LIST MACHINES] PAGE IS DISPLAYED
2020-07-28 12:27:44 [INFO ] TestConnect:69 - THE [CREATE MACHINE] PAGE IS DISPLAYED
2020-07-28 12:27:45 [INFO ] TestConnect:43 - QUIT DRIVER
2020-07-28 14:05:45 [INFO ] TestConnect:54 - LIBREPLAN IS OPEN !
2020-07-28 14:05:47 [INFO ] TestConnect:58 - CONNECTED : DISPLAY TO THE [CALENDAR TAB]
2020-07-28 14:05:48 [INFO ] TestConnect:63 - THE [LIST MACHINES] PAGE IS DISPLAYED
2020-07-28 14:05:50 [INFO ] TestConnect:70 - THE [CREATE MACHINE] PAGE IS DISPLAYED
2020-07-28 14:05:51 [INFO ] TestConnect:43 - QUIT DRIVER
2020-07-28 14:08:17 [INFO ] TestConnect:54 - LIBREPLAN IS OPEN !
2020-07-28 14:08:18 [INFO ] TestConnect:58 - CONNECTED : DISPLAY TO THE [CALENDAR TAB]
2020-07-28 14:08:19 [INFO ] TestConnect:63 - THE [LIST MACHINES] PAGE IS DISPLAYED
2020-07-28 14:08:21 [INFO ] TestConnect:70 - THE [CREATE MACHINE] PAGE IS DISPLAYED
2020-07-28 14:08:21 [INFO ] TestConnect:71 - [MACHINE DATA] TAB SELECTED BY DEFAULT
2020-07-28 14:08:22 [INFO ] TestConnect:43 - QUIT DRIVER
2020-07-28 14:10:09 [INFO ] TestConnect:54 - LIBREPLAN IS OPEN !
2020-07-28 14:10:10 [INFO ] TestConnect:58 - CONNECTED : [CALENDAR TAB] IS DISPLAYED
2020-07-28 14:10:11 [INFO ] TestConnect:63 - [LIST MACHINES PAGE] IS DISPLAYED
2020-07-28 14:10:13 [INFO ] TestConnect:70 - [CREATE MACHINE PAGE] IS DISPLAYED
2020-07-28 14:10:13 [INFO ] TestConnect:71 - [MACHINE DATA] TAB SELECTED BY DEFAULT
2020-07-28 14:10:14 [INFO ] TestConnect:43 - QUIT DRIVER
2020-07-28 14:30:46 [INFO ] TestConnect:54 - LIBREPLAN IS OPEN !
2020-07-28 14:30:47 [INFO ] TestConnect:58 - CONNECTED : [CALENDAR TAB] IS DISPLAYED
2020-07-28 14:30:48 [INFO ] TestConnect:63 - [LIST MACHINES PAGE] IS DISPLAYED
2020-07-28 14:30:50 [INFO ] TestConnect:70 - [CREATE MACHINE PAGE] IS DISPLAYED
2020-07-28 14:30:50 [INFO ] TestConnect:71 - [MACHINE DATA] TAB SELECTED BY DEFAULT
2020-07-28 14:30:51 [INFO ] TestConnect:43 - QUIT DRIVER
2020-07-28 14:31:19 [INFO ] TestConnect:54 - LIBREPLAN IS OPEN !
2020-07-28 14:31:20 [INFO ] TestConnect:58 - CONNECTED : [CALENDAR TAB] IS DISPLAYED
2020-07-28 14:31:22 [INFO ] TestConnect:63 - [LIST MACHINES PAGE] IS DISPLAYED
2020-07-28 14:31:24 [INFO ] TestConnect:70 - [CREATE MACHINE PAGE] IS DISPLAYED
2020-07-28 14:31:24 [INFO ] TestConnect:71 - [MACHINE DATA] TAB SELECTED BY DEFAULT
2020-07-28 14:31:25 [INFO ] TestConnect:43 - QUIT DRIVER
2020-07-28 14:43:43 [INFO ] TestConnect:54 - LIBREPLAN IS OPEN !
2020-07-28 14:43:44 [INFO ] TestConnect:58 - CONNECTED : [CALENDAR TAB] IS DISPLAYED
2020-07-28 14:43:45 [INFO ] TestConnect:63 - [LIST MACHINES PAGE] IS DISPLAYED
2020-07-28 14:43:47 [INFO ] TestConnect:70 - [CREATE MACHINE PAGE] IS DISPLAYED
2020-07-28 14:43:47 [INFO ] TestConnect:71 - [MACHINE DATA] TAB SELECTED BY DEFAULT
2020-07-28 14:43:58 [INFO ] TestConnect:43 - QUIT DRIVER
2020-07-28 14:44:32 [INFO ] TestConnect:54 - LIBREPLAN IS OPEN !
2020-07-28 14:44:33 [INFO ] TestConnect:58 - CONNECTED : [CALENDAR TAB] IS DISPLAYED
2020-07-28 14:44:34 [INFO ] TestConnect:63 - [LIST MACHINES PAGE] IS DISPLAYED
2020-07-28 14:44:37 [INFO ] TestConnect:70 - [CREATE MACHINE PAGE] IS DISPLAYED
2020-07-28 14:44:37 [INFO ] TestConnect:71 - [MACHINE DATA] TAB SELECTED BY DEFAULT
2020-07-28 14:44:47 [INFO ] TestConnect:43 - QUIT DRIVER
2020-07-28 15:01:54 [INFO ] TestConnect:54 - LIBREPLAN IS OPEN !
2020-07-28 15:01:55 [INFO ] TestConnect:58 - CONNECTED : [CALENDAR TAB] IS DISPLAYED
2020-07-28 15:01:56 [INFO ] TestConnect:63 - [LIST MACHINES PAGE] IS DISPLAYED
2020-07-28 15:01:57 [INFO ] TestConnect:43 - QUIT DRIVER
2020-07-28 15:02:45 [INFO ] TestConnect:54 - LIBREPLAN IS OPEN !
2020-07-28 15:02:46 [INFO ] TestConnect:58 - CONNECTED : [CALENDAR TAB] IS DISPLAYED
2020-07-28 15:02:47 [INFO ] TestConnect:63 - [LIST MACHINES PAGE] IS DISPLAYED
2020-07-28 15:02:48 [INFO ] TestConnect:43 - QUIT DRIVER
2020-07-28 15:03:32 [INFO ] TestConnect:54 - LIBREPLAN IS OPEN !
2020-07-28 15:03:34 [INFO ] TestConnect:58 - CONNECTED : [CALENDAR TAB] IS DISPLAYED
2020-07-28 15:03:35 [INFO ] TestConnect:63 - [LIST MACHINES PAGE] IS DISPLAYED
2020-07-28 15:03:37 [INFO ] TestConnect:71 - [CREATE MACHINE PAGE] IS DISPLAYED
2020-07-28 15:03:37 [INFO ] TestConnect:72 - [MACHINE DATA] TAB SELECTED BY DEFAULT
2020-07-28 15:03:38 [INFO ] TestConnect:43 - QUIT DRIVER
2020-07-28 15:03:55 [INFO ] TestConnect:54 - LIBREPLAN IS OPEN !
2020-07-28 15:03:56 [INFO ] TestConnect:58 - CONNECTED : [CALENDAR TAB] IS DISPLAYED
2020-07-28 15:03:57 [INFO ] TestConnect:63 - [LIST MACHINES PAGE] IS DISPLAYED
2020-07-28 15:04:00 [INFO ] TestConnect:71 - [CREATE MACHINE PAGE] IS DISPLAYED
2020-07-28 15:04:00 [INFO ] TestConnect:72 - [MACHINE DATA] TAB SELECTED BY DEFAULT
2020-07-28 15:04:00 [INFO ] TestConnect:43 - QUIT DRIVER
2020-07-28 15:05:46 [INFO ] TestConnect:55 - LIBREPLAN IS OPEN !
2020-07-28 15:05:48 [INFO ] TestConnect:59 - CONNECTED : [CALENDAR TAB] IS DISPLAYED
2020-07-28 15:05:49 [INFO ] TestConnect:64 - [LIST PARTICIPANTS PAGE] IS DISPLAYED
2020-07-28 15:05:51 [INFO ] TestConnect:71 - [CREATE PARTICIPANT PAGE] IS DISPLAYED
2020-07-28 15:06:53 [INFO ] TestConnect:57 - LIBREPLAN IS OPEN !
2020-07-28 15:06:54 [INFO ] TestConnect:61 - CONNECTED : [CALENDAR TAB] IS DISPLAYED
2020-07-28 15:06:55 [INFO ] TestConnect:66 - [LIST PARTICIPANTS PAGE] IS DISPLAYED
2020-07-28 15:06:55 [INFO ] TestConnect:71 - [CREATE PARTICIPANT PAGE] IS DISPLAYED
2020-07-28 15:06:56 [INFO ] TestConnect:47 - QUIT DRIVER
2020-07-28 15:38:47 [INFO ] TestConnect:60 - LIBREPLAN IS OPEN !
2020-07-28 15:38:48 [INFO ] TestConnect:64 - CONNECTED : [CALENDAR TAB] IS DISPLAYED
2020-07-28 15:38:49 [INFO ] TestConnect:69 - [LIST PROGRESS TYPES PAGE] IS DISPLAYED
2020-07-28 15:38:49 [INFO ] TestConnect:74 - [CREATE PROGRESS TYPE PAGE] IS DISPLAYED
2020-07-28 15:38:55 [INFO ] TestConnect:50 - QUIT DRIVER
2020-07-29 15:44:48 [INFO ] TestConnect:69 - [[ChromeDriver: chrome on WINDOWS (e53017febd8f254566b92abf5cbf067f)] -> xpath: //button[contains(@id, 'Q7-b')][contains(.,'Calendrier')]] is present !
2020-07-29 15:44:49 [INFO ] TestConnect:69 - [[ChromeDriver: chrome on WINDOWS (e53017febd8f254566b92abf5cbf067f)] -> xpath: //*[contains(@class,'z-window-embedded-header')][contains(.,'Types de critères Liste')]] is present !
2020-07-29 15:44:49 [INFO ] TestConnect:94 - [Nom, Code, Type, Activé, Opérations]is present
2020-07-29 15:44:49 [INFO ] TestConnect:69 - [[ChromeDriver: chrome on WINDOWS (e53017febd8f254566b92abf5cbf067f)] -> xpath: //*[contains(@class,'z-caption-l')][contains(.,'Créer Type de critère')]] is present !
2020-07-29 15:44:50 [INFO ] TestConnect:69 - [[ChromeDriver: chrome on WINDOWS (e53017febd8f254566b92abf5cbf067f)] -> xpath: //td[@class='z-button-cm'][contains(.,'Annuler')]] is present !
2020-07-29 15:44:50 [INFO ] TestConnect:69 - [[ChromeDriver: chrome on WINDOWS (e53017febd8f254566b92abf5cbf067f)] -> xpath: //td[@class='z-button-cm'][contains(text(),'Enregistrer')]] is present !
2020-07-29 15:44:50 [INFO ] TestConnect:69 - [[ChromeDriver: chrome on WINDOWS (e53017febd8f254566b92abf5cbf067f)] -> xpath: //td[@class='z-button-cm'][contains(text(),'Sauver et continuer')]] is present !
2020-07-29 15:44:50 [INFO ] TestConnect:69 - [[ChromeDriver: chrome on WINDOWS (e53017febd8f254566b92abf5cbf067f)] -> xpath: //*[contains(@class,'z-tab-text')][contains(.,'Modifier')]] is present !
2020-07-29 15:44:55 [ERROR] TestConnect:119 - Critère - Test bouton [Annuler] is unavailable
2020-07-29 15:44:56 [INFO ] TestConnect:132 - Critère - Test bouton [Enregistrer] is present
2020-07-29 15:44:58 [INFO ] TestConnect:69 - [[ChromeDriver: chrome on WINDOWS (e53017febd8f254566b92abf5cbf067f)] -> xpath: //span[contains(.,'Supprimer Type de critère "Critère - Test bouton [Sauver et continuer] 2". Êtes-vous sûr ?')]] is present !
2020-07-29 15:44:58 [INFO ] TestConnect:69 - [[ChromeDriver: chrome on WINDOWS (e53017febd8f254566b92abf5cbf067f)] -> xpath: //td[@class='z-button-cm'][contains(.,'OK')]] is present !
2020-07-29 15:44:58 [INFO ] TestConnect:69 - [[ChromeDriver: chrome on WINDOWS (e53017febd8f254566b92abf5cbf067f)] -> xpath: //span[contains(@class,'z-messagebox-btn')]/table/tbody/tr/td[@class='z-button-cm'][contains(.,'Annuler')]] is present !
2020-07-29 15:44:58 [INFO ] TestConnect:69 - [[ChromeDriver: chrome on WINDOWS (e53017febd8f254566b92abf5cbf067f)] -> xpath: //span[contains(.,'Supprimer Type de critère "Critère - Test bouton [Sauver et continuer] 2". Êtes-vous sûr ?')]] is present !
2020-07-29 16:52:08 [INFO ] TestConnect:68 - QUIT DRIVER
2020-07-29 16:52:37 [INFO ] TestConnect:68 - QUIT DRIVER
2020-07-29 16:53:33 [INFO ] TestConnect:69 - [[ChromeDriver: chrome on WINDOWS (693b0e36799ab040c695e98bec22ec33)] -> xpath: //button[contains(@id, 'Q7-b')][contains(.,'Calendrier')]] is present !
2020-07-29 16:53:34 [INFO ] TestConnect:69 - [[ChromeDriver: chrome on WINDOWS (693b0e36799ab040c695e98bec22ec33)] -> xpath: //*[contains(@class,'z-window-embedded-header')][contains(.,'Types de critères Liste')]] is present !
2020-07-29 16:53:34 [INFO ] TestConnect:104 - [Nom, Code, Type, Activé, Opérations]is present
2020-07-29 16:53:34 [INFO ] TestConnect:69 - [[ChromeDriver: chrome on WINDOWS (693b0e36799ab040c695e98bec22ec33)] -> xpath: //*[contains(@class,'z-caption-l')][contains(.,'Créer Type de critère')]] is present !
2020-07-29 16:53:34 [INFO ] TestConnect:69 - [[ChromeDriver: chrome on WINDOWS (693b0e36799ab040c695e98bec22ec33)] -> xpath: //td[@class='z-button-cm'][contains(.,'Annuler')]] is present !
2020-07-29 16:53:34 [INFO ] TestConnect:69 - [[ChromeDriver: chrome on WINDOWS (693b0e36799ab040c695e98bec22ec33)] -> xpath: //td[@class='z-button-cm'][contains(text(),'Enregistrer')]] is present !
2020-07-29 16:53:34 [INFO ] TestConnect:69 - [[ChromeDriver: chrome on WINDOWS (693b0e36799ab040c695e98bec22ec33)] -> xpath: //td[@class='z-button-cm'][contains(text(),'Sauver et continuer')]] is present !
2020-07-29 16:53:34 [INFO ] TestConnect:69 - [[ChromeDriver: chrome on WINDOWS (693b0e36799ab040c695e98bec22ec33)] -> xpath: //*[contains(@class,'z-tab-text')][contains(.,'Modifier')]] is present !
2020-07-29 16:53:40 [ERROR] TestConnect:127 - Critère - Test bouton [Annuler] is unavailable
2020-07-29 16:53:40 [INFO ] TestConnect:137 - Critère - Test bouton [Enregistrer] is present
2020-07-29 16:53:46 [INFO ] TestConnect:68 - QUIT DRIVER
2020-07-29 16:56:55 [INFO ] TestConnect:69 - [[ChromeDriver: chrome on WINDOWS (9d468c4b5f0596b30190518e7a51b35e)] -> xpath: //button[contains(@id, 'Q7-b')][contains(.,'Calendrier')]] is present !
2020-07-29 16:56:56 [INFO ] TestConnect:69 - [[ChromeDriver: chrome on WINDOWS (9d468c4b5f0596b30190518e7a51b35e)] -> xpath: //*[contains(@class,'z-window-embedded-header')][contains(.,'Types de critères Liste')]] is present !
2020-07-29 16:56:56 [INFO ] TestConnect:104 - [Nom, Code, Type, Activé, Opérations]is present
2020-07-29 16:56:56 [INFO ] TestConnect:69 - [[ChromeDriver: chrome on WINDOWS (9d468c4b5f0596b30190518e7a51b35e)] -> xpath: //*[contains(@class,'z-caption-l')][contains(.,'Créer Type de critère')]] is present !
2020-07-29 16:56:56 [INFO ] TestConnect:69 - [[ChromeDriver: chrome on WINDOWS (9d468c4b5f0596b30190518e7a51b35e)] -> xpath: //td[@class='z-button-cm'][contains(.,'Annuler')]] is present !
2020-07-29 16:56:56 [INFO ] TestConnect:69 - [[ChromeDriver: chrome on WINDOWS (9d468c4b5f0596b30190518e7a51b35e)] -> xpath: //td[@class='z-button-cm'][contains(text(),'Enregistrer')]] is present !
2020-07-29 16:56:56 [INFO ] TestConnect:69 - [[ChromeDriver: chrome on WINDOWS (9d468c4b5f0596b30190518e7a51b35e)] -> xpath: //td[@class='z-button-cm'][contains(text(),'Sauver et continuer')]] is present !
2020-07-29 16:56:56 [INFO ] TestConnect:69 - [[ChromeDriver: chrome on WINDOWS (9d468c4b5f0596b30190518e7a51b35e)] -> xpath: //*[contains(@class,'z-tab-text')][contains(.,'Modifier')]] is present !
2020-07-29 16:57:02 [ERROR] TestConnect:127 - Critère - Test bouton [Annuler] is unavailable
2020-07-29 16:57:03 [INFO ] TestConnect:137 - Critère - Test bouton [Enregistrer] is present
2020-07-29 16:57:05 [INFO ] TestConnect:69 - [[ChromeDriver: chrome on WINDOWS (9d468c4b5f0596b30190518e7a51b35e)] -> xpath: //span[contains(.,'Supprimer Type de critère "Critère - Test bouton [Sauver et continuer] 2". Êtes-vous sûr ?')]] is present !
2020-07-29 16:57:05 [INFO ] TestConnect:69 - [[ChromeDriver: chrome on WINDOWS (9d468c4b5f0596b30190518e7a51b35e)] -> xpath: //td[@class='z-button-cm'][contains(.,'OK')]] is present !
2020-07-29 16:57:05 [INFO ] TestConnect:69 - [[ChromeDriver: chrome on WINDOWS (9d468c4b5f0596b30190518e7a51b35e)] -> xpath: //span[contains(@class,'z-messagebox-btn')]/table/tbody/tr/td[@class='z-button-cm'][contains(.,'Annuler')]] is present !
2020-07-29 16:57:05 [INFO ] TestConnect:69 - [[ChromeDriver: chrome on WINDOWS (9d468c4b5f0596b30190518e7a51b35e)] -> xpath: //span[contains(.,'Supprimer Type de critère "Critère - Test bouton [Sauver et continuer] 2". Êtes-vous sûr ?')]] is present !
2020-07-29 16:57:06 [INFO ] TestConnect:68 - QUIT DRIVER
2020-07-29 17:56:11 [INFO ] TestConnect:60 - LIBREPLAN IS OPEN !
2020-07-29 17:56:12 [INFO ] TestConnect:64 - CONNECTED : [CALENDAR TAB] IS DISPLAYED
2020-07-29 17:56:13 [INFO ] TestConnect:69 - [[ChromeDriver: chrome on WINDOWS (e7ebb6b844bf1f2c7dd26c7f828fc027)] -> xpath: //input[@style = 'width:500px;']] is present !
2020-07-29 17:56:13 [INFO ] TestConnect:69 - PROJET 1 est créé !
2020-07-29 17:56:16 [INFO ] TestConnect:72 - MENU HORIZONTAL DANS L'ORDRE !
2020-07-29 17:56:17 [INFO ] TestConnect:74 - MENU VERTICAL DANS L'ORDRE !
2020-07-29 17:56:20 [INFO ] TestConnect:79 - PROJET 1 est dans la liste projets avec les caractéristiques choisies !
2020-07-29 17:56:21 [INFO ] TestConnect:49 - QUIT DRIVER
2020-07-29 18:11:14 [INFO ] TestConnect:42 - LIBREPLAN IS OPEN !
2020-07-29 18:11:15 [INFO ] TestConnect:46 - CONNECTED : [CALENDAR TAB] IS DISPLAYED
2020-07-29 18:15:02 [INFO ] TestConnect:56 - LIBREPLAN IS OPEN !
2020-07-29 18:15:03 [INFO ] TestConnect:60 - CONNECTED : [CALENDAR TAB] IS DISPLAYED
2020-07-29 18:15:41 [INFO ] TestConnect:60 - LIBREPLAN IS OPEN !
2020-07-29 18:15:43 [INFO ] TestConnect:64 - CONNECTED : [CALENDAR TAB] IS DISPLAYED
2020-07-29 18:15:43 [INFO ] TestConnect:69 - [[ChromeDriver: chrome on WINDOWS (143f55c385cee254bc09afb7c504ca1e)] -> xpath: //input[@style = 'width:500px;']] is present !
2020-07-29 18:15:44 [INFO ] TestConnect:69 - PROJET 1 est créé !
2020-07-29 18:15:45 [INFO ] TestConnect:72 - MENU HORIZONTAL DANS L'ORDRE !
2020-07-29 18:15:46 [INFO ] TestConnect:74 - MENU VERTICAL DANS L'ORDRE !
2020-07-29 18:15:49 [INFO ] TestConnect:79 - PROJET 1 est dans la liste projets avec les caractéristiques choisies !
2020-07-29 18:15:50 [INFO ] TestConnect:49 - QUIT DRIVER
2020-07-29 18:16:26 [INFO ] TestConnect:56 - LIBREPLAN IS OPEN !
2020-07-29 18:16:27 [INFO ] TestConnect:60 - CONNECTED : [CALENDAR TAB] IS DISPLAYED
2020-07-29 18:29:06 [INFO ] TestConnect:56 - LIBREPLAN IS OPEN !
2020-07-29 18:29:08 [INFO ] TestConnect:60 - CONNECTED : [CALENDAR TAB] IS DISPLAYED
2020-07-29 18:30:45 [INFO ] TestConnect:56 - LIBREPLAN IS OPEN !
2020-07-29 18:30:46 [INFO ] TestConnect:60 - CONNECTED : [CALENDAR TAB] IS DISPLAYED
2020-07-29 18:31:42 [INFO ] TestConnect:56 - LIBREPLAN IS OPEN !
2020-07-29 18:31:43 [INFO ] TestConnect:60 - CONNECTED : [CALENDAR TAB] IS DISPLAYED
2020-07-29 18:37:43 [INFO ] TestConnect:56 - LIBREPLAN IS OPEN !
2020-07-30 11:04:08 [INFO ] TestConnect:60 - LIBREPLAN IS OPEN !
2020-07-30 11:04:10 [INFO ] TestConnect:64 - CONNECTED : [CALENDAR TAB] IS DISPLAYED
2020-07-30 11:04:11 [INFO ] TestConnect:69 - [[ChromeDriver: chrome on WINDOWS (26a2e7a7ead1e5b41b49c9c5750a8c85)] -> xpath: //input[@style = 'width:500px;']] is present !
2020-07-30 11:04:11 [INFO ] TestConnect:69 - PROJET 1 est créé !
2020-07-30 11:04:32 [INFO ] TestConnect:49 - QUIT DRIVER
2020-07-30 11:06:13 [INFO ] TestConnect:60 - LIBREPLAN IS OPEN !
2020-07-30 11:06:14 [INFO ] TestConnect:64 - CONNECTED : [CALENDAR TAB] IS DISPLAYED
2020-07-30 11:06:14 [INFO ] TestConnect:69 - [[ChromeDriver: chrome on WINDOWS (8d894bfbe04a63d37ad6319ff35b6a28)] -> xpath: //input[@style = 'width:500px;']] is present !
2020-07-30 11:06:15 [INFO ] TestConnect:69 - PROJET 1 est créé !
2020-07-30 11:06:18 [INFO ] TestConnect:72 - MENU HORIZONTAL DANS L'ORDRE !
2020-07-30 11:06:18 [INFO ] TestConnect:74 - MENU VERTICAL DANS L'ORDRE !
2020-07-30 11:06:22 [INFO ] TestConnect:79 - PROJET 1 est dans la liste projets avec les caractéristiques choisies !
2020-07-30 11:06:22 [INFO ] TestConnect:49 - QUIT DRIVER
2020-07-30 11:07:12 [INFO ] TestConnect:56 - LIBREPLAN IS OPEN !
2020-07-30 11:07:14 [INFO ] TestConnect:60 - CONNECTED : [CALENDAR TAB] IS DISPLAYED
2020-07-30 11:09:25 [INFO ] TestConnect:56 - LIBREPLAN IS OPEN !
2020-07-30 11:09:26 [INFO ] TestConnect:60 - CONNECTED : [CALENDAR TAB] IS DISPLAYED
2020-07-30 11:15:47 [INFO ] TestConnect:56 - LIBREPLAN IS OPEN !
2020-07-30 11:15:48 [INFO ] TestConnect:60 - CONNECTED : [CALENDAR TAB] IS DISPLAYED
2020-07-30 11:23:27 [INFO ] TestConnect:56 - LIBREPLAN IS OPEN !
2020-07-30 11:23:28 [INFO ] TestConnect:60 - CONNECTED : [CALENDAR TAB] IS DISPLAYED
2020-07-30 11:25:09 [INFO ] TestConnect:42 - LIBREPLAN IS OPEN !
2020-07-30 11:25:14 [INFO ] TestConnect:253 - tache 1 créée
2020-07-30 11:25:17 [INFO ] TestConnect:275 - taches 2,3,4 créées
2020-07-30 11:27:04 [INFO ] TestConnect:42 - LIBREPLAN IS OPEN !
2020-07-30 11:27:08 [INFO ] TestConnect:253 - tache 1 créée
2020-07-30 11:27:11 [INFO ] TestConnect:275 - taches 2,3,4 créées
2020-07-30 11:29:16 [INFO ] TestConnect:42 - LIBREPLAN IS OPEN !
2020-07-30 11:29:21 [INFO ] TestConnect:253 - tache 1 créée
2020-07-30 11:29:26 [INFO ] TestConnect:276 - taches 2,3,4 créées
2020-07-30 11:38:40 [INFO ] TestConnect:47 - LIBREPLAN IS OPEN !
2020-07-30 11:38:40 [INFO ] TestConnect:49 - USER CONNECT
